# JRE version: OpenJDK Runtime Environment (8.0_302-b08) (build 1.8.0_302-b08)
# Java VM: OpenJDK 64-Bit Server VM (25.302-b08 mixed mode windows-amd64 compressed oops)
Heap:
 PSYoungGen      total 272896K, used 38534K [0x00000000eab00000, 0x00000000fc000000, 0x0000000100000000)
  eden space 262144K, 11% used [0x00000000eab00000,0x00000000ec7e57f8,0x00000000fab00000)
  from space 10752K, 83% used [0x00000000fab00000,0x00000000fb3bc010,0x00000000fb580000)
  to   space 10752K, 0% used [0x00000000fb580000,0x00000000fb580000,0x00000000fc000000)
 ParOldGen       total 175104K, used 89365K [0x00000000c0000000, 0x00000000cab00000, 0x00000000eab00000)
  object space 175104K, 51% used [0x00000000c0000000,0x00000000c57457f8,0x00000000cab00000)
 Metaspace       used 18137K, capacity 20008K, committed 20224K, reserved 1067008K
  class space    used 2365K, capacity 2770K, committed 2816K, reserved 1048576K
GC Heap History (10 events):
Event: 1.541 GC heap before
{Heap before GC invocations=5 (full 0):
 PSYoungGen      total 272896K, used 272888K [0x00000000eab00000, 0x00000000fc000000, 0x0000000100000000)
  eden space 262144K, 100% used [0x00000000eab00000,0x00000000fab00000,0x00000000fab00000)
  from space 10752K, 99% used [0x00000000fb580000,0x00000000fbffe048,0x00000000fc000000)
  to   space 10752K, 0% used [0x00000000fab00000,0x00000000fab00000,0x00000000fb580000)
 ParOldGen       total 175104K, used 67197K [0x00000000c0000000, 0x00000000cab00000, 0x00000000eab00000)
  object space 175104K, 38% used [0x00000000c0000000,0x00000000c419f6d0,0x00000000cab00000)
 Metaspace       used 17518K, capacity 19346K, committed 19712K, reserved 1067008K
  class space    used 2304K, capacity 2693K, committed 2816K, reserved 1048576K
Event: 1.560 GC heap after
Heap after GC invocations=5 (full 0):
 PSYoungGen      total 272896K, used 10736K [0x00000000eab00000, 0x00000000fc000000, 0x0000000100000000)
  eden space 262144K, 0% used [0x00000000eab00000,0x00000000eab00000,0x00000000fab00000)
  from space 10752K, 99% used [0x00000000fab00000,0x00000000fb57c048,0x00000000fb580000)
  to   space 10752K, 0% used [0x00000000fb580000,0x00000000fb580000,0x00000000fc000000)
 ParOldGen       total 175104K, used 73032K [0x00000000c0000000, 0x00000000cab00000, 0x00000000eab00000)
  object space 175104K, 41% used [0x00000000c0000000,0x00000000c4752280,0x00000000cab00000)
 Metaspace       used 17518K, capacity 19346K, committed 19712K, reserved 1067008K
  class space    used 2304K, capacity 2693K, committed 2816K, reserved 1048576K
}
Event: 1.749 GC heap before
{Heap before GC invocations=6 (full 0):
 PSYoungGen      total 272896K, used 272880K [0x00000000eab00000, 0x00000000fc000000, 0x0000000100000000)
  eden space 262144K, 100% used [0x00000000eab00000,0x00000000fab00000,0x00000000fab00000)
  from space 10752K, 99% used [0x00000000fab00000,0x00000000fb57c048,0x00000000fb580000)
  to   space 10752K, 0% used [0x00000000fb580000,0x00000000fb580000,0x00000000fc000000)
 ParOldGen       total 175104K, used 73032K [0x00000000c0000000, 0x00000000cab00000, 0x00000000eab00000)
  object space 175104K, 41% used [0x00000000c0000000,0x00000000c4752280,0x00000000cab00000)
 Metaspace       used 17710K, capacity 19540K, committed 19712K, reserved 1067008K
  class space    used 2317K, capacity 2728K, committed 2816K, reserved 1048576K
Event: 1.765 GC heap after
Heap after GC invocations=6 (full 0):
 PSYoungGen      total 272896K, used 10740K [0x00000000eab00000, 0x00000000fc000000, 0x0000000100000000)
  eden space 262144K, 0% used [0x00000000eab00000,0x00000000eab00000,0x00000000fab00000)
  from space 10752K, 99% used [0x00000000fb580000,0x00000000fbffd348,0x00000000fc000000)
  to   space 10752K, 0% used [0x00000000fab00000,0x00000000fab00000,0x00000000fb580000)
 ParOldGen       total 175104K, used 77585K [0x00000000c0000000, 0x00000000cab00000, 0x00000000eab00000)
  object space 175104K, 44% used [0x00000000c0000000,0x00000000c4bc4400,0x00000000cab00000)
 Metaspace       used 17710K, capacity 19540K, committed 19712K, reserved 1067008K
  class space    used 2317K, capacity 2728K, committed 2816K, reserved 1048576K
}
Event: 1.946 GC heap before
{Heap before GC invocations=7 (full 0):
 PSYoungGen      total 272896K, used 272884K [0x00000000eab00000, 0x00000000fc000000, 0x0000000100000000)
  eden space 262144K, 100% used [0x00000000eab00000,0x00000000fab00000,0x00000000fab00000)
  from space 10752K, 99% used [0x00000000fb580000,0x00000000fbffd348,0x00000000fc000000)
  to   space 10752K, 0% used [0x00000000fab00000,0x00000000fab00000,0x00000000fb580000)
 ParOldGen       total 175104K, used 77585K [0x00000000c0000000, 0x00000000cab00000, 0x00000000eab00000)
  object space 175104K, 44% used [0x00000000c0000000,0x00000000c4bc4400,0x00000000cab00000)
 Metaspace       used 17775K, capacity 19612K, committed 19712K, reserved 1067008K
  class space    used 2317K, capacity 2728K, committed 2816K, reserved 1048576K
Event: 1.965 GC heap after
Heap after GC invocations=7 (full 0):
 PSYoungGen      total 272896K, used 10720K [0x00000000eab00000, 0x00000000fc000000, 0x0000000100000000)
  eden space 262144K, 0% used [0x00000000eab00000,0x00000000eab00000,0x00000000fab00000)
  from space 10752K, 99% used [0x00000000fab00000,0x00000000fb578150,0x00000000fb580000)
  to   space 10752K, 0% used [0x00000000fb580000,0x00000000fb580000,0x00000000fc000000)
 ParOldGen       total 175104K, used 81670K [0x00000000c0000000, 0x00000000cab00000, 0x00000000eab00000)
  object space 175104K, 46% used [0x00000000c0000000,0x00000000c4fc1860,0x00000000cab00000)
 Metaspace       used 17775K, capacity 19612K, committed 19712K, reserved 1067008K
  class space    used 2317K, capacity 2728K, committed 2816K, reserved 1048576K
}
Event: 2.137 GC heap before
{Heap before GC invocations=8 (full 0):
 PSYoungGen      total 272896K, used 272864K [0x00000000eab00000, 0x00000000fc000000, 0x0000000100000000)
  eden space 262144K, 100% used [0x00000000eab00000,0x00000000fab00000,0x00000000fab00000)
  from space 10752K, 99% used [0x00000000fab00000,0x00000000fb578150,0x00000000fb580000)
  to   space 10752K, 0% used [0x00000000fb580000,0x00000000fb580000,0x00000000fc000000)
 ParOldGen       total 175104K, used 81670K [0x00000000c0000000, 0x00000000cab00000, 0x00000000eab00000)
  object space 175104K, 46% used [0x00000000c0000000,0x00000000c4fc1860,0x00000000cab00000)
 Metaspace       used 18110K, capacity 19968K, committed 20224K, reserved 1067008K
  class space    used 2364K, capacity 2738K, committed 2816K, reserved 1048576K
Event: 2.149 GC heap after
Heap after GC invocations=8 (full 0):
 PSYoungGen      total 272896K, used 8160K [0x00000000eab00000, 0x00000000fc000000, 0x0000000100000000)
  eden space 262144K, 0% used [0x00000000eab00000,0x00000000eab00000,0x00000000fab00000)
  from space 10752K, 75% used [0x00000000fb580000,0x00000000fbd78000,0x00000000fc000000)
  to   space 10752K, 0% used [0x00000000fab00000,0x00000000fab00000,0x00000000fb580000)
 ParOldGen       total 175104K, used 87807K [0x00000000c0000000, 0x00000000cab00000, 0x00000000eab00000)
  object space 175104K, 50% used [0x00000000c0000000,0x00000000c55bffd8,0x00000000cab00000)
 Metaspace       used 18110K, capacity 19968K, committed 20224K, reserved 1067008K
  class space    used 2364K, capacity 2738K, committed 2816K, reserved 1048576K
}
Event: 2.314 GC heap before
{Heap before GC invocations=9 (full 0):
 PSYoungGen      total 272896K, used 270304K [0x00000000eab00000, 0x00000000fc000000, 0x0000000100000000)
  eden space 262144K, 100% used [0x00000000eab00000,0x00000000fab00000,0x00000000fab00000)
  from space 10752K, 75% used [0x00000000fb580000,0x00000000fbd78000,0x00000000fc000000)
  to   space 10752K, 0% used [0x00000000fab00000,0x00000000fab00000,0x00000000fb580000)
 ParOldGen       total 175104K, used 87807K [0x00000000c0000000, 0x00000000cab00000, 0x00000000eab00000)
  object space 175104K, 50% used [0x00000000c0000000,0x00000000c55bffd8,0x00000000cab00000)
 Metaspace       used 18126K, capacity 19976K, committed 20224K, reserved 1067008K
  class space    used 2364K, capacity 2738K, committed 2816K, reserved 1048576K
Event: 2.322 GC heap after
Heap after GC invocations=9 (full 0):
 PSYoungGen      total 272896K, used 8944K [0x00000000eab00000, 0x00000000fc000000, 0x0000000100000000)
  eden space 262144K, 0% used [0x00000000eab00000,0x00000000eab00000,0x00000000fab00000)
  from space 10752K, 83% used [0x00000000fab00000,0x00000000fb3bc010,0x00000000fb580000)
  to   space 10752K, 0% used [0x00000000fb580000,0x00000000fb580000,0x00000000fc000000)
 ParOldGen       total 175104K, used 89365K [0x00000000c0000000, 0x00000000cab00000, 0x00000000eab00000)
  object space 175104K, 51% used [0x00000000c0000000,0x00000000c57457f8,0x00000000cab00000)
 Metaspace       used 18126K, capacity 19976K, committed 20224K, reserved 1067008K
  class space    used 2364K, capacity 2738K, committed 2816K, reserved 1048576K
}

