# JRE version: OpenJDK Runtime Environment (8.0_302-b08) (build 1.8.0_302-b08)
# Java VM: OpenJDK 64-Bit Server VM (25.302-b08 mixed mode windows-amd64 compressed oops)
Heap:
 PSYoungGen      total 76288K, used 53974K [0x000000076b300000, 0x0000000770800000, 0x00000007c0000000)
  eden space 65536K, 65% used [0x000000076b300000,0x000000076dd38058,0x000000076f300000)
  from space 10752K, 99% used [0x000000076f300000,0x000000076fd7d918,0x000000076fd80000)
  to   space 10752K, 0% used [0x000000076fd80000,0x000000076fd80000,0x0000000770800000)
 ParOldGen       total 175104K, used 25440K [0x00000006c1800000, 0x00000006cc300000, 0x000000076b300000)
  object space 175104K, 14% used [0x00000006c1800000,0x00000006c30d8018,0x00000006cc300000)
 Metaspace       used 9406K, capacity 9506K, committed 9600K, reserved 1058816K
  class space    used 870K, capacity 885K, committed 896K, reserved 1048576K
GC Heap History (10 events):
Event: 0.794 GC heap before
{Heap before GC invocations=1 (full 0):
 PSYoungGen      total 76288K, used 65536K [0x000000076b300000, 0x0000000770800000, 0x00000007c0000000)
  eden space 65536K, 100% used [0x000000076b300000,0x000000076f300000,0x000000076f300000)
  from space 10752K, 0% used [0x000000076fd80000,0x000000076fd80000,0x0000000770800000)
  to   space 10752K, 0% used [0x000000076f300000,0x000000076f300000,0x000000076fd80000)
 ParOldGen       total 175104K, used 0K [0x00000006c1800000, 0x00000006cc300000, 0x000000076b300000)
  object space 175104K, 0% used [0x00000006c1800000,0x00000006c1800000,0x00000006cc300000)
 Metaspace       used 8410K, capacity 8514K, committed 8576K, reserved 1056768K
  class space    used 825K, capacity 853K, committed 896K, reserved 1048576K
Event: 0.796 GC heap after
Heap after GC invocations=1 (full 0):
 PSYoungGen      total 76288K, used 6682K [0x000000076b300000, 0x0000000770800000, 0x00000007c0000000)
  eden space 65536K, 0% used [0x000000076b300000,0x000000076b300000,0x000000076f300000)
  from space 10752K, 62% used [0x000000076f300000,0x000000076f986b40,0x000000076fd80000)
  to   space 10752K, 0% used [0x000000076fd80000,0x000000076fd80000,0x0000000770800000)
 ParOldGen       total 175104K, used 80K [0x00000006c1800000, 0x00000006cc300000, 0x000000076b300000)
  object space 175104K, 0% used [0x00000006c1800000,0x00000006c1814010,0x00000006cc300000)
 Metaspace       used 8410K, capacity 8514K, committed 8576K, reserved 1056768K
  class space    used 825K, capacity 853K, committed 896K, reserved 1048576K
}
Event: 0.899 GC heap before
{Heap before GC invocations=2 (full 0):
 PSYoungGen      total 76288K, used 71618K [0x000000076b300000, 0x0000000770800000, 0x00000007c0000000)
  eden space 65536K, 99% used [0x000000076b300000,0x000000076f269d08,0x000000076f300000)
  from space 10752K, 62% used [0x000000076f300000,0x000000076f986b40,0x000000076fd80000)
  to   space 10752K, 0% used [0x000000076fd80000,0x000000076fd80000,0x0000000770800000)
 ParOldGen       total 175104K, used 1104K [0x00000006c1800000, 0x00000006cc300000, 0x000000076b300000)
  object space 175104K, 0% used [0x00000006c1800000,0x00000006c1914120,0x00000006cc300000)
 Metaspace       used 8593K, capacity 8706K, committed 8832K, reserved 1056768K
  class space    used 825K, capacity 853K, committed 896K, reserved 1048576K
Event: 0.900 GC heap after
Heap after GC invocations=2 (full 0):
 PSYoungGen      total 76288K, used 9566K [0x000000076b300000, 0x0000000770800000, 0x00000007c0000000)
  eden space 65536K, 0% used [0x000000076b300000,0x000000076b300000,0x000000076f300000)
  from space 10752K, 88% used [0x000000076fd80000,0x00000007706d7b68,0x0000000770800000)
  to   space 10752K, 0% used [0x000000076f300000,0x000000076f300000,0x000000076fd80000)
 ParOldGen       total 175104K, used 1112K [0x00000006c1800000, 0x00000006cc300000, 0x000000076b300000)
  object space 175104K, 0% used [0x00000006c1800000,0x00000006c1916120,0x00000006cc300000)
 Metaspace       used 8593K, capacity 8706K, committed 8832K, reserved 1056768K
  class space    used 825K, capacity 853K, committed 896K, reserved 1048576K
}
Event: 0.943 GC heap before
{Heap before GC invocations=3 (full 0):
 PSYoungGen      total 76288K, used 75102K [0x000000076b300000, 0x0000000770800000, 0x00000007c0000000)
  eden space 65536K, 100% used [0x000000076b300000,0x000000076f300000,0x000000076f300000)
  from space 10752K, 88% used [0x000000076fd80000,0x00000007706d7b68,0x0000000770800000)
  to   space 10752K, 0% used [0x000000076f300000,0x000000076f300000,0x000000076fd80000)
 ParOldGen       total 175104K, used 1200K [0x00000006c1800000, 0x00000006cc300000, 0x000000076b300000)
  object space 175104K, 0% used [0x00000006c1800000,0x00000006c192c3d8,0x00000006cc300000)
 Metaspace       used 8765K, capacity 8834K, committed 9088K, reserved 1056768K
  class space    used 835K, capacity 853K, committed 896K, reserved 1048576K
Event: 0.948 GC heap after
Heap after GC invocations=3 (full 0):
 PSYoungGen      total 76288K, used 10751K [0x000000076b300000, 0x0000000770800000, 0x00000007c0000000)
  eden space 65536K, 0% used [0x000000076b300000,0x000000076b300000,0x000000076f300000)
  from space 10752K, 99% used [0x000000076f300000,0x000000076fd7fe88,0x000000076fd80000)
  to   space 10752K, 0% used [0x000000076fd80000,0x000000076fd80000,0x0000000770800000)
 ParOldGen       total 175104K, used 11173K [0x00000006c1800000, 0x00000006cc300000, 0x000000076b300000)
  object space 175104K, 6% used [0x00000006c1800000,0x00000006c22e9440,0x00000006cc300000)
 Metaspace       used 8765K, capacity 8834K, committed 9088K, reserved 1056768K
  class space    used 835K, capacity 853K, committed 896K, reserved 1048576K
}
Event: 1.005 GC heap before
{Heap before GC invocations=4 (full 0):
 PSYoungGen      total 76288K, used 76287K [0x000000076b300000, 0x0000000770800000, 0x00000007c0000000)
  eden space 65536K, 100% used [0x000000076b300000,0x000000076f300000,0x000000076f300000)
  from space 10752K, 99% used [0x000000076f300000,0x000000076fd7fe88,0x000000076fd80000)
  to   space 10752K, 0% used [0x000000076fd80000,0x000000076fd80000,0x0000000770800000)
 ParOldGen       total 175104K, used 11628K [0x00000006c1800000, 0x00000006cc300000, 0x000000076b300000)
  object space 175104K, 6% used [0x00000006c1800000,0x00000006c235b0b0,0x00000006cc300000)
 Metaspace       used 9347K, capacity 9442K, committed 9600K, reserved 1058816K
  class space    used 870K, capacity 885K, committed 896K, reserved 1048576K
Event: 1.010 GC heap after
Heap after GC invocations=4 (full 0):
 PSYoungGen      total 76288K, used 10741K [0x000000076b300000, 0x0000000770800000, 0x00000007c0000000)
  eden space 65536K, 0% used [0x000000076b300000,0x000000076b300000,0x000000076f300000)
  from space 10752K, 99% used [0x000000076fd80000,0x00000007707fd7d8,0x0000000770800000)
  to   space 10752K, 0% used [0x000000076f300000,0x000000076f300000,0x000000076fd80000)
 ParOldGen       total 175104K, used 17701K [0x00000006c1800000, 0x00000006cc300000, 0x000000076b300000)
  object space 175104K, 10% used [0x00000006c1800000,0x00000006c2949668,0x00000006cc300000)
 Metaspace       used 9347K, capacity 9442K, committed 9600K, reserved 1058816K
  class space    used 870K, capacity 885K, committed 896K, reserved 1048576K
}
Event: 1.029 GC heap before
{Heap before GC invocations=5 (full 0):
 PSYoungGen      total 76288K, used 76277K [0x000000076b300000, 0x0000000770800000, 0x00000007c0000000)
  eden space 65536K, 100% used [0x000000076b300000,0x000000076f300000,0x000000076f300000)
  from space 10752K, 99% used [0x000000076fd80000,0x00000007707fd7d8,0x0000000770800000)
  to   space 10752K, 0% used [0x000000076f300000,0x000000076f300000,0x000000076fd80000)
 ParOldGen       total 175104K, used 18266K [0x00000006c1800000, 0x00000006cc300000, 0x000000076b300000)
  object space 175104K, 10% used [0x00000006c1800000,0x00000006c29d69b8,0x00000006cc300000)
 Metaspace       used 9397K, capacity 9442K, committed 9600K, reserved 1058816K
  class space    used 870K, capacity 885K, committed 896K, reserved 1048576K
Event: 1.033 GC heap after
Heap after GC invocations=5 (full 0):
 PSYoungGen      total 76288K, used 10742K [0x000000076b300000, 0x0000000770800000, 0x00000007c0000000)
  eden space 65536K, 0% used [0x000000076b300000,0x000000076b300000,0x000000076f300000)
  from space 10752K, 99% used [0x000000076f300000,0x000000076fd7d918,0x000000076fd80000)
  to   space 10752K, 0% used [0x000000076fd80000,0x000000076fd80000,0x0000000770800000)
 ParOldGen       total 175104K, used 25440K [0x00000006c1800000, 0x00000006cc300000, 0x000000076b300000)
  object space 175104K, 14% used [0x00000006c1800000,0x00000006c30d8018,0x00000006cc300000)
 Metaspace       used 9397K, capacity 9442K, committed 9600K, reserved 1058816K
  class space    used 870K, capacity 885K, committed 896K, reserved 1048576K
}

