# JRE version: OpenJDK Runtime Environment (8.0_302-b08) (build 1.8.0_302-b08)
# Java VM: OpenJDK 64-Bit Server VM (25.302-b08 mixed mode windows-amd64 compressed oops)
Heap:
 PSYoungGen      total 141824K, used 141817K [0x000000076b300000, 0x0000000774800000, 0x00000007c0000000)
  eden space 131072K, 100% used [0x000000076b300000,0x0000000773300000,0x0000000773300000)
  from space 10752K, 99% used [0x0000000773d80000,0x00000007747fe608,0x0000000774800000)
  to   space 10752K, 99% used [0x0000000773300000,0x0000000773d7feb8,0x0000000773d80000)
 ParOldGen       total 175104K, used 44884K [0x00000006c1800000, 0x00000006cc300000, 0x000000076b300000)
  object space 175104K, 25% used [0x00000006c1800000,0x00000006c43df418,0x00000006cc300000)
 Metaspace       used 9503K, capacity 9608K, committed 9728K, reserved 1058816K
  class space    used 883K, capacity 918K, committed 1024K, reserved 1048576K
GC Heap History (10 events):
Event: 1.332 GC heap after
Heap after GC invocations=2 (full 0):
 PSYoungGen      total 76288K, used 9934K [0x000000076b300000, 0x0000000774800000, 0x00000007c0000000)
  eden space 65536K, 0% used [0x000000076b300000,0x000000076b300000,0x000000076f300000)
  from space 10752K, 92% used [0x000000076fd80000,0x0000000770733848,0x0000000770800000)
  to   space 10752K, 0% used [0x000000076f300000,0x000000076f300000,0x000000076fd80000)
 ParOldGen       total 175104K, used 649K [0x00000006c1800000, 0x00000006cc300000, 0x000000076b300000)
  object space 175104K, 0% used [0x00000006c1800000,0x00000006c18a2420,0x00000006cc300000)
 Metaspace       used 8615K, capacity 8712K, committed 8832K, reserved 1056768K
  class space    used 826K, capacity 854K, committed 896K, reserved 1048576K
}
Event: 1.377 GC heap before
{Heap before GC invocations=3 (full 0):
 PSYoungGen      total 76288K, used 75470K [0x000000076b300000, 0x0000000774800000, 0x00000007c0000000)
  eden space 65536K, 100% used [0x000000076b300000,0x000000076f300000,0x000000076f300000)
  from space 10752K, 92% used [0x000000076fd80000,0x0000000770733848,0x0000000770800000)
  to   space 10752K, 0% used [0x000000076f300000,0x000000076f300000,0x000000076fd80000)
 ParOldGen       total 175104K, used 749K [0x00000006c1800000, 0x00000006cc300000, 0x000000076b300000)
  object space 175104K, 0% used [0x00000006c1800000,0x00000006c18bb4c8,0x00000006cc300000)
 Metaspace       used 8789K, capacity 8840K, committed 9088K, reserved 1056768K
  class space    used 836K, capacity 854K, committed 896K, reserved 1048576K
Event: 1.383 GC heap after
Heap after GC invocations=3 (full 0):
 PSYoungGen      total 76288K, used 10746K [0x000000076b300000, 0x0000000774800000, 0x00000007c0000000)
  eden space 65536K, 0% used [0x000000076b300000,0x000000076b300000,0x000000076f300000)
  from space 10752K, 99% used [0x000000076f300000,0x000000076fd7e850,0x000000076fd80000)
  to   space 10752K, 0% used [0x0000000773d80000,0x0000000773d80000,0x0000000774800000)
 ParOldGen       total 175104K, used 10908K [0x00000006c1800000, 0x00000006cc300000, 0x000000076b300000)
  object space 175104K, 6% used [0x00000006c1800000,0x00000006c22a7238,0x00000006cc300000)
 Metaspace       used 8789K, capacity 8840K, committed 9088K, reserved 1056768K
  class space    used 836K, capacity 854K, committed 896K, reserved 1048576K
}
Event: 1.438 GC heap before
{Heap before GC invocations=4 (full 0):
 PSYoungGen      total 76288K, used 76282K [0x000000076b300000, 0x0000000774800000, 0x00000007c0000000)
  eden space 65536K, 100% used [0x000000076b300000,0x000000076f300000,0x000000076f300000)
  from space 10752K, 99% used [0x000000076f300000,0x000000076fd7e850,0x000000076fd80000)
  to   space 10752K, 0% used [0x0000000773d80000,0x0000000773d80000,0x0000000774800000)
 ParOldGen       total 175104K, used 11295K [0x00000006c1800000, 0x00000006cc300000, 0x000000076b300000)
  object space 175104K, 6% used [0x00000006c1800000,0x00000006c2307e98,0x00000006cc300000)
 Metaspace       used 9349K, capacity 9448K, committed 9600K, reserved 1058816K
  class space    used 871K, capacity 886K, committed 896K, reserved 1048576K
Event: 1.454 GC heap after
Heap after GC invocations=4 (full 0):
 PSYoungGen      total 141824K, used 10741K [0x000000076b300000, 0x0000000774800000, 0x00000007c0000000)
  eden space 131072K, 0% used [0x000000076b300000,0x000000076b300000,0x0000000773300000)
  from space 10752K, 99% used [0x0000000773d80000,0x00000007747fd740,0x0000000774800000)
  to   space 10752K, 0% used [0x0000000773300000,0x0000000773300000,0x0000000773d80000)
 ParOldGen       total 175104K, used 18022K [0x00000006c1800000, 0x00000006cc300000, 0x000000076b300000)
  object space 175104K, 10% used [0x00000006c1800000,0x00000006c2999aa0,0x00000006cc300000)
 Metaspace       used 9349K, capacity 9448K, committed 9600K, reserved 1058816K
  class space    used 871K, capacity 886K, committed 896K, reserved 1048576K
}
Event: 1.548 GC heap before
{Heap before GC invocations=5 (full 0):
 PSYoungGen      total 141824K, used 141813K [0x000000076b300000, 0x0000000774800000, 0x00000007c0000000)
  eden space 131072K, 100% used [0x000000076b300000,0x0000000773300000,0x0000000773300000)
  from space 10752K, 99% used [0x0000000773d80000,0x00000007747fd740,0x0000000774800000)
  to   space 10752K, 0% used [0x0000000773300000,0x0000000773300000,0x0000000773d80000)
 ParOldGen       total 175104K, used 18022K [0x00000006c1800000, 0x00000006cc300000, 0x000000076b300000)
  object space 175104K, 10% used [0x00000006c1800000,0x00000006c2999aa0,0x00000006cc300000)
 Metaspace       used 9414K, capacity 9512K, committed 9600K, reserved 1058816K
  class space    used 871K, capacity 886K, committed 896K, reserved 1048576K
Event: 1.583 GC heap after
Heap after GC invocations=5 (full 0):
 PSYoungGen      total 141824K, used 10733K [0x000000076b300000, 0x0000000774800000, 0x00000007c0000000)
  eden space 131072K, 0% used [0x000000076b300000,0x000000076b300000,0x0000000773300000)
  from space 10752K, 99% used [0x0000000773300000,0x0000000773d7b7a8,0x0000000773d80000)
  to   space 10752K, 0% used [0x0000000773d80000,0x0000000773d80000,0x0000000774800000)
 ParOldGen       total 175104K, used 28630K [0x00000006c1800000, 0x00000006cc300000, 0x000000076b300000)
  object space 175104K, 16% used [0x00000006c1800000,0x00000006c33f5bb8,0x00000006cc300000)
 Metaspace       used 9414K, capacity 9512K, committed 9600K, reserved 1058816K
  class space    used 871K, capacity 886K, committed 896K, reserved 1048576K
}
Event: 1.626 GC heap before
{Heap before GC invocations=6 (full 0):
 PSYoungGen      total 141824K, used 141805K [0x000000076b300000, 0x0000000774800000, 0x00000007c0000000)
  eden space 131072K, 100% used [0x000000076b300000,0x0000000773300000,0x0000000773300000)
  from space 10752K, 99% used [0x0000000773300000,0x0000000773d7b7a8,0x0000000773d80000)
  to   space 10752K, 0% used [0x0000000773d80000,0x0000000773d80000,0x0000000774800000)
 ParOldGen       total 175104K, used 28717K [0x00000006c1800000, 0x00000006cc300000, 0x000000076b300000)
  object space 175104K, 16% used [0x00000006c1800000,0x00000006c340b768,0x00000006cc300000)
 Metaspace       used 9443K, capacity 9512K, committed 9600K, reserved 1058816K
  class space    used 876K, capacity 886K, committed 896K, reserved 1048576K
Event: 1.650 GC heap after
Heap after GC invocations=6 (full 0):
 PSYoungGen      total 141824K, used 10745K [0x000000076b300000, 0x0000000774800000, 0x00000007c0000000)
  eden space 131072K, 0% used [0x000000076b300000,0x000000076b300000,0x0000000773300000)
  from space 10752K, 99% used [0x0000000773d80000,0x00000007747fe608,0x0000000774800000)
  to   space 10752K, 0% used [0x0000000773300000,0x0000000773300000,0x0000000773d80000)
 ParOldGen       total 175104K, used 38019K [0x00000006c1800000, 0x00000006cc300000, 0x000000076b300000)
  object space 175104K, 21% used [0x00000006c1800000,0x00000006c3d20f60,0x00000006cc300000)
 Metaspace       used 9443K, capacity 9512K, committed 9600K, reserved 1058816K
  class space    used 876K, capacity 886K, committed 896K, reserved 1048576K
}
Event: 1.698 GC heap before
{Heap before GC invocations=7 (full 0):
 PSYoungGen      total 141824K, used 141817K [0x000000076b300000, 0x0000000774800000, 0x00000007c0000000)
  eden space 131072K, 100% used [0x000000076b300000,0x0000000773300000,0x0000000773300000)
  from space 10752K, 99% used [0x0000000773d80000,0x00000007747fe608,0x0000000774800000)
  to   space 10752K, 0% used [0x0000000773300000,0x0000000773300000,0x0000000773d80000)
 ParOldGen       total 175104K, used 38535K [0x00000006c1800000, 0x00000006cc300000, 0x000000076b300000)
  object space 175104K, 22% used [0x00000006c1800000,0x00000006c3da1d98,0x00000006cc300000)
 Metaspace       used 9503K, capacity 9608K, committed 9728K, reserved 1058816K
  class space    used 883K, capacity 918K, committed 1024K, reserved 1048576K

